#
# There is insufficient memory for the Java Runtime Environment to continue.
# Native memory allocation (malloc) failed to allocate 1042576 bytes for Chunk::new
# Possible reasons:
#   The system is out of physical RAM or swap space
#   In 32 bit mode, the process size limit was hit
# Possible solutions:
#   Reduce memory load on the system
#   Increase physical memory or swap space
#   Check if swap backing store is full
#   Use 64 bit Java on a 64 bit OS
#   Decrease Java heap size (-Xmx/-Xms)
#   Decrease number of Java threads
#   Decrease Java thread stack sizes (-Xss)
#   Set larger code cache with -XX:ReservedCodeCacheSize=
# This output file may be truncated or incomplete.
#
#  Out of Memory Error (allocation.cpp:390), pid=159220, tid=0x0000000000027298
#
# JRE version: OpenJDK Runtime Environment (8.0_152-b01) (build 1.8.0_152-release-915-b01)
# Java VM: OpenJDK 64-Bit Server VM (25.152-b01 mixed mode windows-amd64 compressed oops)
# Failed to write core dump. Minidumps are not enabled by default on client versions of Windows
#

---------------  T H R E A D  ---------------

Current thread (0x000000001b33a000):  JavaThread "C2 CompilerThread2" daemon [_thread_in_native, id=160408, stack(0x000000001bcc0000,0x000000001bdc0000)]

Stack: [0x000000001bcc0000,0x000000001bdc0000]
[error occurred during error reporting (printing stack bounds), id 0xc0000005]

Native frames: (J=compiled Java code, j=interpreted, Vv=VM code, C=native code)


Current CompileTask:
C2:  19163 9819       4       com.android.dx.merge.DexMerger::transformCode (234 bytes)


---------------  P R O C E S S  ---------------

Java Threads: ( => current thread )
  0x00000000219f7800 JavaThread "ForkJoinPool.commonPool-worker-0" daemon [_thread_blocked, id=161528, stack(0x000000002b230000,0x000000002b330000)]
  0x00000000219f4800 JavaThread "ForkJoinPool.commonPool-worker-7" daemon [_thread_blocked, id=161492, stack(0x000000002b130000,0x000000002b230000)]
  0x00000000219f4000 JavaThread "ForkJoinPool.commonPool-worker-6" daemon [_thread_blocked, id=161488, stack(0x000000002b030000,0x000000002b130000)]
  0x00000000219f3000 JavaThread "ForkJoinPool.commonPool-worker-5" daemon [_thread_in_Java, id=161496, stack(0x000000002af30000,0x000000002b030000)]
  0x00000000219f6000 JavaThread "ForkJoinPool.commonPool-worker-4" daemon [_thread_blocked, id=161500, stack(0x000000002ae30000,0x000000002af30000)]
  0x00000000219f7000 JavaThread "ForkJoinPool.commonPool-worker-3" daemon [_thread_blocked, id=161504, stack(0x000000002ad30000,0x000000002ae30000)]
  0x00000000219f5800 JavaThread "ForkJoinPool.commonPool-worker-2" daemon [_thread_blocked, id=161432, stack(0x000000002ac30000,0x000000002ad30000)]
  0x000000001fbea000 JavaThread "ForkJoinPool.commonPool-worker-1" daemon [_thread_blocked, id=161444, stack(0x000000002ab30000,0x000000002ac30000)]
  0x000000001fbee000 JavaThread "RMI TCP Connection(1)-127.0.0.1" daemon [_thread_in_native, id=161108, stack(0x000000002aa30000,0x000000002ab30000)]
  0x000000001fbed000 JavaThread "RMI Reaper" [_thread_blocked, id=161100, stack(0x000000002a930000,0x000000002aa30000)]
  0x000000001fbe9800 JavaThread "RMI TCP Accept-0" daemon [_thread_in_native, id=161096, stack(0x000000002a830000,0x000000002a930000)]
  0x000000001fbef800 JavaThread "GC Daemon" daemon [_thread_blocked, id=161088, stack(0x000000002a730000,0x000000002a830000)]
  0x000000001fbec800 JavaThread "RMI RenewClean-[localhost:17297,org.jetbrains.kotlin.daemon.common.LoopbackNetworkInterface$ClientLoopbackSocketFactory@5d906ae]" daemon [_thread_blocked, id=161084, stack(0x000000002a630000,0x000000002a730000)]
  0x000000001fbe2000 JavaThread "RMI Scheduler(0)" daemon [_thread_blocked, id=161080, stack(0x000000002a530000,0x000000002a630000)]
  0x000000001fbeb800 JavaThread "Task worker for ':' Thread 7" [_thread_blocked, id=37876, stack(0x0000000028630000,0x0000000028730000)]
  0x000000001fbeb000 JavaThread "Task worker for ':' Thread 6" [_thread_blocked, id=37144, stack(0x0000000028530000,0x0000000028630000)]
  0x000000001fbee800 JavaThread "Task worker for ':' Thread 5" [_thread_blocked, id=81872, stack(0x0000000028430000,0x0000000028530000)]
  0x000000001fbe0800 JavaThread "Task worker for ':' Thread 4" [_thread_blocked, id=80664, stack(0x0000000028330000,0x0000000028430000)]
  0x000000001fbe7000 JavaThread "Task worker for ':' Thread 3" [_thread_blocked, id=81880, stack(0x0000000028230000,0x0000000028330000)]
  0x000000001fbe6800 JavaThread "Task worker for ':' Thread 2" [_thread_blocked, id=81400, stack(0x0000000028130000,0x0000000028230000)]
  0x000000001fbe2800 JavaThread "Task worker for ':'" [_thread_blocked, id=81868, stack(0x0000000028030000,0x0000000028130000)]
  0x000000001fbe1000 JavaThread "Cache worker for task history cache (C:\Users\spff\AndroidStudioProjects\ForChipRight\.gradle\4.1\taskHistory)" [_thread_blocked, id=30704, stack(0x0000000027da0000,0x0000000027ea0000)]
  0x000000001fbe5800 JavaThread "Cache worker for file content cache (C:\Users\spff\AndroidStudioProjects\ForChipRight\.gradle\4.1\fileContent)" [_thread_blocked, id=78932, stack(0x0000000027710000,0x0000000027810000)]
  0x000000001fbe4000 JavaThread "Memory manager" [_thread_blocked, id=144996, stack(0x00000000258b0000,0x00000000259b0000)]
  0x000000001fbe3800 JavaThread "build operations Thread 8" [_thread_blocked, id=14960, stack(0x00000000251b0000,0x00000000252b0000)]
  0x000000001dc77000 JavaThread "build operations Thread 7" [_thread_blocked, id=37084, stack(0x00000000250b0000,0x00000000251b0000)]
  0x000000001dc76800 JavaThread "build operations Thread 6" [_thread_blocked, id=3380, stack(0x0000000024fb0000,0x00000000250b0000)]
  0x000000001dc75000 JavaThread "build operations Thread 5" [_thread_blocked, id=33776, stack(0x0000000024eb0000,0x0000000024fb0000)]
  0x000000001dc7a000 JavaThread "build operations Thread 4" [_thread_blocked, id=11544, stack(0x0000000024db0000,0x0000000024eb0000)]
  0x000000001dc73800 JavaThread "build operations Thread 3" [_thread_blocked, id=36292, stack(0x0000000024ab0000,0x0000000024bb0000)]
  0x000000001dc74000 JavaThread "build operations Thread 2" [_thread_blocked, id=35556, stack(0x00000000249b0000,0x0000000024ab0000)]
  0x000000001dc78000 JavaThread "build operations" [_thread_blocked, id=36988, stack(0x0000000023410000,0x0000000023510000)]
  0x000000001dc78800 JavaThread "Cache worker for Artifact transforms cache (C:\Users\spff\.gradle\caches\transforms-1)" [_thread_blocked, id=158212, stack(0x0000000023110000,0x0000000023210000)]
  0x000000001dbc5000 JavaThread "Cache worker for file hash cache (C:\Users\spff\AndroidStudioProjects\ForChipRight\.gradle\4.1\fileHashes)" [_thread_blocked, id=160668, stack(0x000000001faa0000,0x000000001fba0000)]
  0x000000001d39e000 JavaThread "File lock request listener" [_thread_in_native, id=160204, stack(0x000000001f7a0000,0x000000001f8a0000)]
  0x000000001d340800 JavaThread "Cache worker for file hash cache (C:\Users\spff\.gradle\caches\4.1\fileHashes)" [_thread_blocked, id=159252, stack(0x000000001f6a0000,0x000000001f7a0000)]
  0x000000001d75e800 JavaThread "Stdin handler" [_thread_blocked, id=160304, stack(0x000000001f4a0000,0x000000001f5a0000)]
  0x000000001cf33000 JavaThread "Asynchronous log dispatcher for DefaultDaemonConnection: socket connection from /127.0.0.1:24143 to /127.0.0.1:24144" [_thread_blocked, id=155992, stack(0x000000001f3a0000,0x000000001f4a0000)]
  0x000000001cffa800 JavaThread "Daemon worker" [_thread_blocked, id=148532, stack(0x000000001f2a0000,0x000000001f3a0000)]
  0x000000001d46f000 JavaThread "Cancel handler" [_thread_blocked, id=153012, stack(0x000000001f1a0000,0x000000001f2a0000)]
  0x000000001cedd800 JavaThread "Handler for socket connection from /127.0.0.1:24143 to /127.0.0.1:24144" [_thread_in_native, id=159652, stack(0x000000001eea0000,0x000000001efa0000)]
  0x000000001ceb5800 JavaThread "Daemon" [_thread_blocked, id=160600, stack(0x000000001eda0000,0x000000001eea0000)]
  0x000000001d19c800 JavaThread "Daemon periodic checks" [_thread_blocked, id=160592, stack(0x000000001eca0000,0x000000001eda0000)]
  0x000000001d042800 JavaThread "Incoming local TCP Connector on port 24143" [_thread_in_native, id=160584, stack(0x000000001ea60000,0x000000001eb60000)]
  0x000000001b3c9800 JavaThread "Service Thread" daemon [_thread_blocked, id=160524, stack(0x000000001bec0000,0x000000001bfc0000)]
  0x000000001b33c800 JavaThread "C1 CompilerThread3" daemon [_thread_blocked, id=155168, stack(0x000000001bdc0000,0x000000001bec0000)]
=>0x000000001b33a000 JavaThread "C2 CompilerThread2" daemon [_thread_in_native, id=160408, stack(0x000000001bcc0000,0x000000001bdc0000)]
  0x000000001b331000 JavaThread "C2 CompilerThread1" daemon [_thread_in_native, id=157860, stack(0x000000001bbc0000,0x000000001bcc0000)]
  0x00000000193cb000 JavaThread "C2 CompilerThread0" daemon [_thread_in_native, id=155044, stack(0x000000001bac0000,0x000000001bbc0000)]
  0x00000000193ca000 JavaThread "Attach Listener" daemon [_thread_blocked, id=155636, stack(0x000000001b9c0000,0x000000001bac0000)]
  0x000000001b2e1800 JavaThread "Signal Dispatcher" daemon [_thread_blocked, id=160044, stack(0x000000001b8c0000,0x000000001b9c0000)]
  0x00000000193c1800 JavaThread "Finalizer" daemon [_thread_blocked, id=160052, stack(0x000000001b6a0000,0x000000001b7a0000)]
  0x00000000193ba800 JavaThread "Reference Handler" daemon [_thread_blocked, id=160344, stack(0x000000001b1a0000,0x000000001b2a0000)]
  0x00000000034ce000 JavaThread "main" [_thread_blocked, id=159396, stack(0x00000000038d0000,0x00000000039d0000)]

Other Threads:
  0x00000000193b5800 VMThread [stack: 0x000000001b0a0000,0x000000001b1a0000] [id=160056]
  0x000000001b3ca800 WatcherThread [stack: 0x000000001bfc0000,0x000000001c0c0000] [id=160200]

VM state:not at safepoint (normal execution)

VM Mutex/Monitor currently owned by a thread: None

Heap:
 PSYoungGen      total 289280K, used 261918K [0x00000000e0000000, 0x00000000f7180000, 0x0000000100000000)
  eden space 267264K, 98% used [0x00000000e0000000,0x00000000effc7bb8,0x00000000f0500000)
  from space 22016K, 0% used [0x00000000f0500000,0x00000000f0500000,0x00000000f1a80000)
  to   space 23552K, 0% used [0x00000000f5a80000,0x00000000f5a80000,0x00000000f7180000)
 ParOldGen       total 205824K, used 32619K [0x00000000a0000000, 0x00000000ac900000, 0x00000000e0000000)
  object space 205824K, 15% used [0x00000000a0000000,0x00000000a1fdae60,0x00000000ac900000)
 Metaspace       used 66227K, capacity 68238K, committed 68440K, reserved 1107968K
  class space    used 8852K, capacity 9307K, committed 9344K, reserved 1048576K

Card table byte_map: [0x00000000149c0000,0x0000000014cd0000] byte_map_base: 0x00000000144c0000

Marking Bits: (ParMarkBitMap*) 0x0000000059573950
 Begin Bits: [0x00000000156d0000, 0x0000000016ed0000)
 End Bits:   [0x0000000016ed0000, 0x00000000186d0000)

Polling page: 0x00000000034a0000

CodeCache: size=245760Kb used=26464Kb max_used=26483Kb free=219295Kb
 bounds [0x0000000005600000, 0x0000000007000000, 0x0000000014600000]
 total_blobs=9410 nmethods=8588 adapters=734
 compilation: enabled

Compilation events (10 events):
Event: 19.112 Thread 0x000000001b331000 nmethod 9846 0x0000000006ff4a10 code [0x0000000006ff4b60, 0x0000000006ff4cb8]
Event: 19.112 Thread 0x000000001b331000 9847       4       com.android.dx.io.instructions.InstructionCodec$2::encode (11 bytes)
Event: 19.113 Thread 0x000000001b331000 nmethod 9847 0x0000000006ff4dd0 code [0x0000000006ff4f20, 0x0000000006ff5018]
Event: 19.113 Thread 0x000000001b331000 9848       4       java.nio.Buffer::hasRemaining (17 bytes)
Event: 19.113 Thread 0x000000001b331000 nmethod 9848 0x0000000006f60710 code [0x0000000006f60840, 0x0000000006f608b8]
Event: 19.118 Thread 0x000000001b33c800 9849       3       java.util.zip.Adler32::update (51 bytes)
Event: 19.118 Thread 0x000000001b33c800 nmethod 9849 0x0000000006fe76d0 code [0x0000000006fe7860, 0x0000000006fe7c48]
Event: 19.119 Thread 0x000000001b331000 9851       4       java.nio.HeapByteBuffer::get (54 bytes)
Event: 19.121 Thread 0x000000001b331000 nmethod 9851 0x0000000006fe6dd0 code [0x0000000006fe6f20, 0x0000000006fe70f8]
Event: 19.125 Thread 0x000000001b331000 9852       4       com.android.dx.merge.DexMerger$IdMerger::mergeSorted (421 bytes)

GC Heap History (10 events):
Event: 4.512 GC heap before
{Heap before GC invocations=8 (full 2):
 PSYoungGen      total 196608K, used 9535K [0x00000000e0000000, 0x00000000ee680000, 0x0000000100000000)
  eden space 183296K, 0% used [0x00000000e0000000,0x00000000e0000000,0x00000000eb300000)
  from space 13312K, 71% used [0x00000000ebf80000,0x00000000ec8cff60,0x00000000ecc80000)
  to   space 12800K, 0% used [0x00000000eb300000,0x00000000eb300000,0x00000000ebf80000)
 ParOldGen       total 91648K, used 6799K [0x00000000a0000000, 0x00000000a5980000, 0x00000000e0000000)
  object space 91648K, 7% used [0x00000000a0000000,0x00000000a06a3de0,0x00000000a5980000)
 Metaspace       used 34520K, capacity 35162K, committed 35416K, reserved 1079296K
  class space    used 4685K, capacity 4921K, committed 4992K, reserved 1048576K
Event: 4.582 GC heap after
Heap after GC invocations=8 (full 2):
 PSYoungGen      total 196608K, used 0K [0x00000000e0000000, 0x00000000ee680000, 0x0000000100000000)
  eden space 183296K, 0% used [0x00000000e0000000,0x00000000e0000000,0x00000000eb300000)
  from space 13312K, 0% used [0x00000000ebf80000,0x00000000ebf80000,0x00000000ecc80000)
  to   space 12800K, 0% used [0x00000000eb300000,0x00000000eb300000,0x00000000ebf80000)
 ParOldGen       total 139264K, used 15633K [0x00000000a0000000, 0x00000000a8800000, 0x00000000e0000000)
  object space 139264K, 11% used [0x00000000a0000000,0x00000000a0f446f8,0x00000000a8800000)
 Metaspace       used 34520K, capacity 35162K, committed 35416K, reserved 1079296K
  class space    used 4685K, capacity 4921K, committed 4992K, reserved 1048576K
}
Event: 5.820 GC heap before
{Heap before GC invocations=9 (full 2):
 PSYoungGen      total 196608K, used 183296K [0x00000000e0000000, 0x00000000ee680000, 0x0000000100000000)
  eden space 183296K, 100% used [0x00000000e0000000,0x00000000eb300000,0x00000000eb300000)
  from space 13312K, 0% used [0x00000000ebf80000,0x00000000ebf80000,0x00000000ecc80000)
  to   space 12800K, 0% used [0x00000000eb300000,0x00000000eb300000,0x00000000ebf80000)
 ParOldGen       total 139264K, used 15633K [0x00000000a0000000, 0x00000000a8800000, 0x00000000e0000000)
  object space 139264K, 11% used [0x00000000a0000000,0x00000000a0f446f8,0x00000000a8800000)
 Metaspace       used 47025K, capacity 48048K, committed 48344K, reserved 1091584K
  class space    used 6249K, capacity 6539K, committed 6656K, reserved 1048576K
Event: 5.832 GC heap after
Heap after GC invocations=9 (full 2):
 PSYoungGen      total 196096K, used 12791K [0x00000000e0000000, 0x00000000f2c00000, 0x0000000100000000)
  eden space 183296K, 0% used [0x00000000e0000000,0x00000000e0000000,0x00000000eb300000)
  from space 12800K, 99% used [0x00000000eb300000,0x00000000ebf7dc78,0x00000000ebf80000)
  to   space 16384K, 0% used [0x00000000f1c00000,0x00000000f1c00000,0x00000000f2c00000)
 ParOldGen       total 139264K, used 19928K [0x00000000a0000000, 0x00000000a8800000, 0x00000000e0000000)
  object space 139264K, 14% used [0x00000000a0000000,0x00000000a1376050,0x00000000a8800000)
 Metaspace       used 47025K, capacity 48048K, committed 48344K, reserved 1091584K
  class space    used 6249K, capacity 6539K, committed 6656K, reserved 1048576K
}
Event: 7.445 GC heap before
{Heap before GC invocations=10 (full 2):
 PSYoungGen      total 196096K, used 196087K [0x00000000e0000000, 0x00000000f2c00000, 0x0000000100000000)
  eden space 183296K, 100% used [0x00000000e0000000,0x00000000eb300000,0x00000000eb300000)
  from space 12800K, 99% used [0x00000000eb300000,0x00000000ebf7dc78,0x00000000ebf80000)
  to   space 16384K, 0% used [0x00000000f1c00000,0x00000000f1c00000,0x00000000f2c00000)
 ParOldGen       total 139264K, used 19928K [0x00000000a0000000, 0x00000000a8800000, 0x00000000e0000000)
  object space 139264K, 14% used [0x00000000a0000000,0x00000000a1376050,0x00000000a8800000)
 Metaspace       used 55604K, capacity 57360K, committed 57560K, reserved 1099776K
  class space    used 7461K, capacity 7889K, committed 7936K, reserved 1048576K
Event: 7.459 GC heap after
Heap after GC invocations=10 (full 2):
 PSYoungGen      total 283648K, used 16365K [0x00000000e0000000, 0x00000000f3000000, 0x0000000100000000)
  eden space 267264K, 0% used [0x00000000e0000000,0x00000000e0000000,0x00000000f0500000)
  from space 16384K, 99% used [0x00000000f1c00000,0x00000000f2bfb4f0,0x00000000f2c00000)
  to   space 22016K, 0% used [0x00000000f0500000,0x00000000f0500000,0x00000000f1a80000)
 ParOldGen       total 139264K, used 27862K [0x00000000a0000000, 0x00000000a8800000, 0x00000000e0000000)
  object space 139264K, 20% used [0x00000000a0000000,0x00000000a1b35910,0x00000000a8800000)
 Metaspace       used 55604K, capacity 57360K, committed 57560K, reserved 1099776K
  class space    used 7461K, capacity 7889K, committed 7936K, reserved 1048576K
}
Event: 11.589 GC heap before
{Heap before GC invocations=11 (full 2):
 PSYoungGen      total 283648K, used 75023K [0x00000000e0000000, 0x00000000f3000000, 0x0000000100000000)
  eden space 267264K, 21% used [0x00000000e0000000,0x00000000e39487c0,0x00000000f0500000)
  from space 16384K, 99% used [0x00000000f1c00000,0x00000000f2bfb4f0,0x00000000f2c00000)
  to   space 22016K, 0% used [0x00000000f0500000,0x00000000f0500000,0x00000000f1a80000)
 ParOldGen       total 139264K, used 27862K [0x00000000a0000000, 0x00000000a8800000, 0x00000000e0000000)
  object space 139264K, 20% used [0x00000000a0000000,0x00000000a1b35910,0x00000000a8800000)
 Metaspace       used 57194K, capacity 58970K, committed 59028K, reserved 1099776K
  class space    used 7698K, capacity 8134K, committed 8192K, reserved 1048576K
Event: 11.598 GC heap after
Heap after GC invocations=11 (full 2):
 PSYoungGen      total 289280K, used 18353K [0x00000000e0000000, 0x00000000f7180000, 0x0000000100000000)
  eden space 267264K, 0% used [0x00000000e0000000,0x00000000e0000000,0x00000000f0500000)
  from space 22016K, 83% used [0x00000000f0500000,0x00000000f16ec450,0x00000000f1a80000)
  to   space 23552K, 0% used [0x00000000f5a80000,0x00000000f5a80000,0x00000000f7180000)
 ParOldGen       total 139264K, used 27870K [0x00000000a0000000, 0x00000000a8800000, 0x00000000e0000000)
  object space 139264K, 20% used [0x00000000a0000000,0x00000000a1b37910,0x00000000a8800000)
 Metaspace       used 57194K, capacity 58970K, committed 59028K, reserved 1099776K
  class space    used 7698K, capacity 8134K, committed 8192K, reserved 1048576K
}
Event: 11.598 GC heap before
{Heap before GC invocations=12 (full 3):
 PSYoungGen      total 289280K, used 18353K [0x00000000e0000000, 0x00000000f7180000, 0x0000000100000000)
  eden space 267264K, 0% used [0x00000000e0000000,0x00000000e0000000,0x00000000f0500000)
  from space 22016K, 83% used [0x00000000f0500000,0x00000000f16ec450,0x00000000f1a80000)
  to   space 23552K, 0% used [0x00000000f5a80000,0x00000000f5a80000,0x00000000f7180000)
 ParOldGen       total 139264K, used 27870K [0x00000000a0000000, 0x00000000a8800000, 0x00000000e0000000)
  object space 139264K, 20% used [0x00000000a0000000,0x00000000a1b37910,0x00000000a8800000)
 Metaspace       used 57194K, capacity 58970K, committed 59028K, reserved 1099776K
  class space    used 7698K, capacity 8134K, committed 8192K, reserved 1048576K
Event: 11.751 GC heap after
Heap after GC invocations=12 (full 3):
 PSYoungGen      total 289280K, used 0K [0x00000000e0000000, 0x00000000f7180000, 0x0000000100000000)
  eden space 267264K, 0% used [0x00000000e0000000,0x00000000e0000000,0x00000000f0500000)
  from space 22016K, 0% used [0x00000000f0500000,0x00000000f0500000,0x00000000f1a80000)
  to   space 23552K, 0% used [0x00000000f5a80000,0x00000000f5a80000,0x00000000f7180000)
 ParOldGen       total 205824K, used 32619K [0x00000000a0000000, 0x00000000ac900000, 0x00000000e0000000)
  object space 205824K, 15% used [0x00000000a0000000,0x00000000a1fdae60,0x00000000ac900000)
 Metaspace       used 57194K, capacity 58970K, committed 59028K, reserved 1099776K
  class space    used 7698K, capacity 8134K, committed 8192K, reserved 1048576K
}

Deoptimization events (10 events):
Event: 18.953 Thread 0x00000000219f3000 Uncommon trap: reason=unstable_if action=reinterpret pc=0x0000000005f64628 method=java.util.HashMap.putVal(ILjava/lang/Object;Ljava/lang/Object;ZZ)Ljava/lang/Object; @ 162
Event: 18.961 Thread 0x00000000219f3000 Uncommon trap: reason=unstable_if action=reinterpret pc=0x0000000006ee8710 method=com.android.dex.EncodedValueCodec.readUnsignedInt(Lcom/android/dex/util/ByteInput;IZ)I @ 3
Event: 18.969 Thread 0x00000000219f3000 Uncommon trap: reason=array_check action=maybe_recompile pc=0x0000000006c734d8 method=java.util.TimSort.binarySort([Ljava/lang/Object;IIILjava/util/Comparator;)V @ 183
Event: 18.970 Thread 0x00000000219f3000 Uncommon trap: reason=array_check action=maybe_recompile pc=0x0000000006c73410 method=java.util.TimSort.binarySort([Ljava/lang/Object;IIILjava/util/Comparator;)V @ 193
Event: 18.970 Thread 0x00000000219f3000 Uncommon trap: reason=array_check action=maybe_recompile pc=0x0000000006c73410 method=java.util.TimSort.binarySort([Ljava/lang/Object;IIILjava/util/Comparator;)V @ 193
Event: 18.970 Thread 0x00000000219f3000 Uncommon trap: reason=array_check action=maybe_recompile pc=0x0000000006c73410 method=java.util.TimSort.binarySort([Ljava/lang/Object;IIILjava/util/Comparator;)V @ 193
Event: 18.984 Thread 0x00000000219f3000 Uncommon trap: reason=unstable_if action=reinterpret pc=0x0000000006eb2eb4 method=com.android.dx.merge.IndexMap.adjustString(I)I @ 2
Event: 18.989 Thread 0x00000000219f3000 Uncommon trap: reason=unstable_if action=reinterpret pc=0x0000000005e0765c method=java.util.HashMap.getNode(ILjava/lang/Object;)Ljava/util/HashMap$Node; @ 84
Event: 18.990 Thread 0x00000000219f3000 Uncommon trap: reason=unstable_if action=reinterpret pc=0x0000000005e033ac method=java.util.HashMap.getNode(ILjava/lang/Object;)Ljava/util/HashMap$Node; @ 84
Event: 19.096 Thread 0x00000000219f3000 Uncommon trap: reason=predicate action=maybe_recompile pc=0x0000000006e3374c method=java.util.ComparableTimSort.binarySort([Ljava/lang/Object;III)V @ 37

Classes redefined (0 events):
No events

Internal exceptions (10 events):
Event: 17.913 Thread 0x00000000219f4000 Exception <a 'sun/nio/fs/WindowsException'> (0x00000000e7c7e148) thrown at [D:\src\AOSP-openjdk-cygwin\jdk8u\hotspot\src\share\vm\prims\jni.cpp, line 709]
Event: 17.913 Thread 0x00000000219f5800 Exception <a 'sun/nio/fs/WindowsException'> (0x00000000e7b5e168) thrown at [D:\src\AOSP-openjdk-cygwin\jdk8u\hotspot\src\share\vm\prims\jni.cpp, line 709]
Event: 17.913 Thread 0x00000000219f7800 Exception <a 'sun/nio/fs/WindowsException'> (0x00000000e7b9c868) thrown at [D:\src\AOSP-openjdk-cygwin\jdk8u\hotspot\src\share\vm\prims\jni.cpp, line 709]
Event: 17.913 Thread 0x00000000219f6000 Exception <a 'sun/nio/fs/WindowsException'> (0x00000000e7bf2310) thrown at [D:\src\AOSP-openjdk-cygwin\jdk8u\hotspot\src\share\vm\prims\jni.cpp, line 709]
Event: 17.913 Thread 0x00000000219f3000 Exception <a 'sun/nio/fs/WindowsException'> (0x00000000e7c461c8) thrown at [D:\src\AOSP-openjdk-cygwin\jdk8u\hotspot\src\share\vm\prims\jni.cpp, line 709]
Event: 17.926 Thread 0x00000000219f3000 Exception <a 'sun/nio/fs/WindowsException'> (0x00000000e7c76c38) thrown at [D:\src\AOSP-openjdk-cygwin\jdk8u\hotspot\src\share\vm\prims\jni.cpp, line 709]
Event: 17.926 Thread 0x00000000219f7800 Exception <a 'sun/nio/fs/WindowsException'> (0x00000000e7bd2430) thrown at [D:\src\AOSP-openjdk-cygwin\jdk8u\hotspot\src\share\vm\prims\jni.cpp, line 709]
Event: 17.928 Thread 0x00000000219f6000 Exception <a 'sun/nio/fs/WindowsException'> (0x00000000e7cdc398) thrown at [D:\src\AOSP-openjdk-cygwin\jdk8u\hotspot\src\share\vm\prims\jni.cpp, line 709]
Event: 17.947 Thread 0x00000000219f4000 Exception <a 'sun/nio/fs/WindowsException'> (0x00000000e7eca4e8) thrown at [D:\src\AOSP-openjdk-cygwin\jdk8u\hotspot\src\share\vm\prims\jni.cpp, line 709]
Event: 17.980 Thread 0x00000000219f7800 Exception <a 'sun/nio/fs/WindowsException'> (0x00000000e8099790) thrown at [D:\src\AOSP-openjdk-cygwin\jdk8u\hotspot\src\share\vm\prims\jni.cpp, line 709]

Events (10 events):
Event: 19.036 Thread 0x00000000219f3000 DEOPT UNPACKING pc=0x00000000056475bf sp=0x000000002b02e950 mode 0
Event: 19.037 Thread 0x00000000219f3000 DEOPT PACKING pc=0x0000000006f5ce06 sp=0x000000002b02ec30
Event: 19.037 Thread 0x00000000219f3000 DEOPT UNPACKING pc=0x00000000056475bf sp=0x000000002b02e950 mode 0
Event: 19.039 Thread 0x00000000219f3000 DEOPT PACKING pc=0x0000000006f5ce06 sp=0x000000002b02ec30
Event: 19.039 Thread 0x00000000219f3000 DEOPT UNPACKING pc=0x00000000056475bf sp=0x000000002b02e950 mode 0
Event: 19.096 Thread 0x00000000219f3000 Uncommon trap: trap_request=0xffffff86 fr.pc=0x0000000006e3374c
Event: 19.096 Thread 0x00000000219f3000 DEOPT PACKING pc=0x0000000006e3374c sp=0x000000002b02ee90
Event: 19.096 Thread 0x00000000219f3000 DEOPT UNPACKING pc=0x000000000564556a sp=0x000000002b02ee50 mode 2
Event: 19.125 Thread 0x00000000219f3000 DEOPT PACKING pc=0x0000000006e88ec8 sp=0x000000002b02ee80
Event: 19.125 Thread 0x00000000219f3000 DEOPT UNPACKING pc=0x00000000056475bf sp=0x000000002b02ec58 mode 0


Dynamic libraries:
0x00007ff742660000 - 0x00007ff742691000 	C:\Program Files\Android\Android Studio\jre\bin\java.exe
0x00007ffb83ca0000 - 0x00007ffb83e80000 	C:\WINDOWS\SYSTEM32\ntdll.dll
0x00007ffb82db0000 - 0x00007ffb82e5e000 	C:\WINDOWS\System32\KERNEL32.DLL
0x00007ffb80d30000 - 0x00007ffb80f96000 	C:\WINDOWS\System32\KERNELBASE.dll
0x00007ffb82d00000 - 0x00007ffb82da1000 	C:\WINDOWS\System32\ADVAPI32.dll
0x00007ffb82810000 - 0x00007ffb828ad000 	C:\WINDOWS\System32\msvcrt.dll
0x00007ffb83050000 - 0x00007ffb830ab000 	C:\WINDOWS\System32\sechost.dll
0x00007ffb83590000 - 0x00007ffb836af000 	C:\WINDOWS\System32\RPCRT4.dll
0x00007ffb82e60000 - 0x00007ffb82fef000 	C:\WINDOWS\System32\USER32.dll
0x00007ffb80d10000 - 0x00007ffb80d30000 	C:\WINDOWS\System32\win32u.dll
0x00007ffb83c40000 - 0x00007ffb83c68000 	C:\WINDOWS\System32\GDI32.dll
0x00007ffb80150000 - 0x00007ffb802e3000 	C:\WINDOWS\System32\gdi32full.dll
0x00007ffb81050000 - 0x00007ffb810eb000 	C:\WINDOWS\System32\msvcp_win.dll
0x00007ffb80c10000 - 0x00007ffb80d06000 	C:\WINDOWS\System32\ucrtbase.dll
0x00007ffb71f50000 - 0x00007ffb721b9000 	C:\WINDOWS\WinSxS\amd64_microsoft.windows.common-controls_6595b64144ccf1df_6.0.16299.309_none_15cfd4c4935e6b11\COMCTL32.dll
0x00007ffb837e0000 - 0x00007ffb83ae8000 	C:\WINDOWS\System32\combase.dll
0x00007ffb810f0000 - 0x00007ffb81162000 	C:\WINDOWS\System32\bcryptPrimitives.dll
0x00007ffb81340000 - 0x00007ffb8136d000 	C:\WINDOWS\System32\IMM32.DLL
0x0000000058cd0000 - 0x0000000058da2000 	C:\Program Files\Android\Android Studio\jre\jre\bin\msvcr100.dll
0x0000000058db0000 - 0x00000000595ee000 	C:\Program Files\Android\Android Studio\jre\jre\bin\server\jvm.dll
0x00007ffb83200000 - 0x00007ffb83208000 	C:\WINDOWS\System32\PSAPI.DLL
0x00007ffb75ab0000 - 0x00007ffb75aba000 	C:\WINDOWS\SYSTEM32\VERSION.dll
0x00007ffb70b10000 - 0x00007ffb70b19000 	C:\WINDOWS\SYSTEM32\WSOCK32.dll
0x00007ffb718d0000 - 0x00007ffb718f3000 	C:\WINDOWS\SYSTEM32\WINMM.dll
0x00007ffb83520000 - 0x00007ffb8358c000 	C:\WINDOWS\System32\WS2_32.dll
0x00007ffb71930000 - 0x00007ffb7195a000 	C:\WINDOWS\SYSTEM32\WINMMBASE.dll
0x00007ffb80fa0000 - 0x00007ffb80fea000 	C:\WINDOWS\System32\cfgmgr32.dll
0x00007ffb77880000 - 0x00007ffb7788f000 	C:\Program Files\Android\Android Studio\jre\jre\bin\verify.dll
0x00007ffb6a910000 - 0x00007ffb6a939000 	C:\Program Files\Android\Android Studio\jre\jre\bin\java.dll
0x00007ffb69660000 - 0x00007ffb69676000 	C:\Program Files\Android\Android Studio\jre\jre\bin\zip.dll
0x00007ffb813d0000 - 0x00007ffb82806000 	C:\WINDOWS\System32\SHELL32.dll
0x00007ffb83af0000 - 0x00007ffb83b96000 	C:\WINDOWS\System32\shcore.dll
0x00007ffb804c0000 - 0x00007ffb80c07000 	C:\WINDOWS\System32\windows.storage.dll
0x00007ffb81170000 - 0x00007ffb811c1000 	C:\WINDOWS\System32\shlwapi.dll
0x00007ffb80080000 - 0x00007ffb80091000 	C:\WINDOWS\System32\kernel.appcore.dll
0x00007ffb80030000 - 0x00007ffb8007c000 	C:\WINDOWS\System32\powrprof.dll
0x00007ffb7fff0000 - 0x00007ffb8000b000 	C:\WINDOWS\System32\profapi.dll
0x00007ffb68f00000 - 0x00007ffb68f1a000 	C:\Program Files\Android\Android Studio\jre\jre\bin\net.dll
0x00007ffb7f820000 - 0x00007ffb7f886000 	C:\WINDOWS\system32\mswsock.dll
0x00007ffb68b60000 - 0x00007ffb68b71000 	C:\Program Files\Android\Android Studio\jre\jre\bin\nio.dll
0x00007ffb706a0000 - 0x00007ffb706be000 	C:\Users\spff\.gradle\native\25\windows-amd64\native-platform.dll
0x00007ffb72350000 - 0x00007ffb7235d000 	C:\Program Files\Android\Android Studio\jre\jre\bin\management.dll
0x00007ffb7f9e0000 - 0x00007ffb7f9f7000 	C:\WINDOWS\SYSTEM32\CRYPTSP.dll
0x00007ffb7f420000 - 0x00007ffb7f453000 	C:\WINDOWS\system32\rsaenh.dll
0x00007ffb7fae0000 - 0x00007ffb7fb05000 	C:\WINDOWS\SYSTEM32\bcrypt.dll
0x00007ffb7ff20000 - 0x00007ffb7ff49000 	C:\WINDOWS\SYSTEM32\USERENV.dll
0x00007ffb7fee0000 - 0x00007ffb7feeb000 	C:\WINDOWS\SYSTEM32\CRYPTBASE.dll
0x00007ffb7f5b0000 - 0x00007ffb7f5e9000 	C:\WINDOWS\SYSTEM32\IPHLPAPI.DLL
0x00007ffb83bb0000 - 0x00007ffb83bb8000 	C:\WINDOWS\System32\NSI.dll
0x00007ffb77d30000 - 0x00007ffb77d46000 	C:\WINDOWS\SYSTEM32\dhcpcsvc6.DLL
0x00007ffb77cb0000 - 0x00007ffb77cca000 	C:\WINDOWS\SYSTEM32\dhcpcsvc.DLL
0x00007ffb7ae40000 - 0x00007ffb7ae5e000 	C:\Users\spff\AppData\Local\Temp\native-platform2468272531986975017dir\native-platform.dll

VM Arguments:
jvm_args: -Xmx1536m -Dfile.encoding=x-windows-950 -Duser.country=US -Duser.language=en -Duser.variant 
java_command: org.gradle.launcher.daemon.bootstrap.GradleDaemon 4.1
java_class_path (initial): C:\Users\spff\.gradle\wrapper\dists\gradle-4.1-all\bzyivzo6n839fup2jbap0tjew\gradle-4.1\lib\gradle-launcher-4.1.jar
Launcher Type: SUN_STANDARD

Environment Variables:
PATH=C:\Program Files (x86)\Intel\OpenCL SDK\4.6\bin\x64;C:\Program Files (x86)\Intel\OpenCL SDK\4.6\bin\x86;C:\ProgramData\Oracle\Java\javapath;C:\Program Files (x86)\CodeSourcery\Sourcery G++ Lite\bin;C:\Program Files (x86)\NVIDIA Corporation\PhysX\Common;C:\WINDOWS\system32;C:\WINDOWS;C:\WINDOWS\System32\Wbem;C:\WINDOWS\System32\WindowsPowerShell\v1.0\;C:\Program Files\Rust stable 1.4\bin;C:\WINDOWS\system32\config\systemprofile\.dnx\bin;C:\Program Files\Microsoft DNX\Dnvm\;C:\Program Files (x86)\Windows Kits\8.1\Windows Performance Toolkit\;C:\Program Files\Git\cmd;C:\apache-ant-1.10.1\bin;C:\Program Files\Microsoft SQL Server\130\Tools\Binn\;C:\Program Files\nodejs\;C:\Users\spff\AppData\Local\Programs\Python\Python36-32\Scripts\;C:\Users\spff\AppData\Local\Programs\Python\Python36-32\;C:\Program Files (x86)\CodeSourcery\Sourcery G++ Lite\bin;C:\WINDOWS\system32;C:\WINDOWS;C:\WINDOWS\System32\Wbem;C:\WINDOWS\System32\WindowsPowerShell\v1.0\;C:\Users\spff\AppData\Local\Microsoft\WindowsApps;C:\Users\spff\AppData\Local\Android\sdk\platform-tools;C:\Program Files\Microsoft VS Code\bin;C:\Program Files\Heroku\bin;C:\Users\spff\AppData\Roaming\npm
USERNAME=spff
OS=Windows_NT
PROCESSOR_IDENTIFIER=Intel64 Family 6 Model 60 Stepping 3, GenuineIntel



---------------  S Y S T E M  ---------------

OS: Windows 10.0 , 64 bit Build 16299 (10.0.16299.15)

CPU:total 8 (initial active 8) (4 cores per cpu, 2 threads per core) family 6 model 60 stepping 3, cmov, cx8, fxsr, mmx, sse, sse2, sse3, ssse3, sse4.1, sse4.2, popcnt, avx, avx2, aes, clmul, erms, lzcnt, ht, tsc, tscinvbit, bmi1, bmi2

Memory: 4k page, physical 16432632k(5172820k free), swap 17481208k(5132k free)

vm_info: OpenJDK 64-Bit Server VM (25.152-b01) for windows-amd64 JRE (1.8.0_152-release-915-b01), built by "builder" with MS VC++ 10.0 (VS2010)

time: Thu Mar 15 06:40:45 2018
elapsed time: 19 seconds (0d 0h 0m 19s)

